{"/Users/thechrisoneil/software/event-driven-microservices/healthcare-app-v3/healthcare-app-v3/services/aof-service/src/aof-service.ts": {"path":"/Users/thechrisoneil/software/event-driven-microservices/healthcare-app-v3/healthcare-app-v3/services/aof-service/src/aof-service.ts","statementMap":{"0":{"start":{"line":1,"column":0},"end":{"line":1,"column":53}},"1":{"start":{"line":2,"column":0},"end":{"line":2,"column":20}},"2":{"start":{"line":3,"column":0},"end":{"line":3,"column":65}},"3":{"start":{"line":4,"column":0},"end":{"line":4,"column":33}},"4":{"start":{"line":5,"column":0},"end":{"line":5,"column":30}},"5":{"start":{"line":8,"column":0},"end":{"line":8,"column":32}},"6":{"start":{"line":10,"column":0},"end":{"line":13,"column":3}},"7":{"start":{"line":15,"column":12},"end":{"line":15,"column":21}},"8":{"start":{"line":16,"column":13},"end":{"line":16,"column":17}},"9":{"start":{"line":18,"column":0},"end":{"line":41,"column":3}},"10":{"start":{"line":19,"column":22},"end":{"line":19,"column":43}},"11":{"start":{"line":20,"column":17},"end":{"line":20,"column":33}},"12":{"start":{"line":22,"column":2},"end":{"line":40,"column":5}},"13":{"start":{"line":43,"column":0},"end":{"line":45,"column":3}},"14":{"start":{"line":44,"column":2},"end":{"line":44,"column":69}},"15":{"start":{"line":49,"column":10},"end":{"line":49,"column":37}},"16":{"start":{"line":211,"column":10},"end":{"line":220,"column":4}},"17":{"start":{"line":212,"column":4},"end":{"line":212,"column":61}},"18":{"start":{"line":213,"column":4},"end":{"line":219,"column":5}},"19":{"start":{"line":214,"column":17},"end":{"line":214,"column":30}},"20":{"start":{"line":215,"column":6},"end":{"line":218,"column":8}},"21":{"start":{"line":52,"column":4},"end":{"line":52,"column":16}},"22":{"start":{"line":56,"column":4},"end":{"line":63,"column":5}},"23":{"start":{"line":57,"column":6},"end":{"line":57,"column":38}},"24":{"start":{"line":58,"column":6},"end":{"line":58,"column":63}},"25":{"start":{"line":60,"column":6},"end":{"line":60,"column":31}},"26":{"start":{"line":62,"column":6},"end":{"line":62,"column":82}},"27":{"start":{"line":67,"column":18},"end":{"line":67,"column":19}},"28":{"start":{"line":68,"column":4},"end":{"line":78,"column":5}},"29":{"start":{"line":69,"column":6},"end":{"line":77,"column":7}},"30":{"start":{"line":70,"column":19},"end":{"line":70,"column":99}},"31":{"start":{"line":71,"column":8},"end":{"line":71,"column":42}},"32":{"start":{"line":72,"column":8},"end":{"line":72,"column":18}},"33":{"start":{"line":74,"column":8},"end":{"line":74,"column":86}},"34":{"start":{"line":75,"column":8},"end":{"line":75,"column":18}},"35":{"start":{"line":76,"column":8},"end":{"line":76,"column":58}},"36":{"start":{"line":76,"column":35},"end":{"line":76,"column":56}},"37":{"start":{"line":79,"column":4},"end":{"line":79,"column":74}},"38":{"start":{"line":83,"column":4},"end":{"line":86,"column":5}},"39":{"start":{"line":84,"column":6},"end":{"line":84,"column":55}},"40":{"start":{"line":85,"column":6},"end":{"line":85,"column":13}},"41":{"start":{"line":88,"column":15},"end":{"line":88,"column":28}},"42":{"start":{"line":90,"column":4},"end":{"line":99,"column":7}},"43":{"start":{"line":92,"column":8},"end":{"line":95,"column":9}},"44":{"start":{"line":93,"column":10},"end":{"line":93,"column":71}},"45":{"start":{"line":94,"column":10},"end":{"line":94,"column":17}},"46":{"start":{"line":96,"column":21},"end":{"line":96,"column":74}},"47":{"start":{"line":97,"column":8},"end":{"line":97,"column":42}},"48":{"start":{"line":101,"column":4},"end":{"line":128,"column":9}},"49":{"start":{"line":104,"column":10},"end":{"line":107,"column":11}},"50":{"start":{"line":105,"column":12},"end":{"line":105,"column":66}},"51":{"start":{"line":106,"column":12},"end":{"line":106,"column":19}},"52":{"start":{"line":109,"column":10},"end":{"line":126,"column":11}},"53":{"start":{"line":111,"column":34},"end":{"line":111,"column":56}},"54":{"start":{"line":112,"column":28},"end":{"line":112,"column":67}},"55":{"start":{"line":115,"column":35},"end":{"line":115,"column":66}},"56":{"start":{"line":116,"column":34},"end":{"line":116,"column":48}},"57":{"start":{"line":118,"column":12},"end":{"line":121,"column":13}},"58":{"start":{"line":119,"column":14},"end":{"line":119,"column":99}},"59":{"start":{"line":120,"column":14},"end":{"line":120,"column":21}},"60":{"start":{"line":123,"column":12},"end":{"line":123,"column":58}},"61":{"start":{"line":125,"column":12},"end":{"line":125,"column":68}},"62":{"start":{"line":130,"column":4},"end":{"line":130,"column":67}},"63":{"start":{"line":134,"column":4},"end":{"line":149,"column":5}},"64":{"start":{"line":136,"column":8},"end":{"line":136,"column":40}},"65":{"start":{"line":137,"column":8},"end":{"line":137,"column":14}},"66":{"start":{"line":139,"column":8},"end":{"line":139,"column":40}},"67":{"start":{"line":140,"column":8},"end":{"line":140,"column":14}},"68":{"start":{"line":142,"column":8},"end":{"line":142,"column":41}},"69":{"start":{"line":143,"column":8},"end":{"line":143,"column":14}},"70":{"start":{"line":145,"column":8},"end":{"line":145,"column":39}},"71":{"start":{"line":146,"column":8},"end":{"line":146,"column":14}},"72":{"start":{"line":148,"column":8},"end":{"line":148,"column":60}},"73":{"start":{"line":153,"column":4},"end":{"line":153,"column":65}},"74":{"start":{"line":154,"column":4},"end":{"line":154,"column":26}},"75":{"start":{"line":158,"column":4},"end":{"line":158,"column":64}},"76":{"start":{"line":159,"column":4},"end":{"line":159,"column":27}},"77":{"start":{"line":164,"column":4},"end":{"line":164,"column":65}},"78":{"start":{"line":165,"column":4},"end":{"line":165,"column":26}},"79":{"start":{"line":170,"column":4},"end":{"line":170,"column":65}},"80":{"start":{"line":171,"column":4},"end":{"line":171,"column":27}},"81":{"start":{"line":176,"column":4},"end":{"line":179,"column":5}},"82":{"start":{"line":177,"column":6},"end":{"line":177,"column":71}},"83":{"start":{"line":178,"column":6},"end":{"line":178,"column":13}},"84":{"start":{"line":182,"column":26},"end":{"line":182,"column":70}},"85":{"start":{"line":182,"column":56},"end":{"line":182,"column":69}},"86":{"start":{"line":184,"column":4},"end":{"line":187,"column":5}},"87":{"start":{"line":185,"column":6},"end":{"line":185,"column":63}},"88":{"start":{"line":186,"column":6},"end":{"line":186,"column":13}},"89":{"start":{"line":190,"column":4},"end":{"line":208,"column":7}},"90":{"start":{"line":191,"column":30},"end":{"line":191,"column":51}},"91":{"start":{"line":193,"column":6},"end":{"line":193,"column":56}},"92":{"start":{"line":196,"column":6},"end":{"line":207,"column":7}},"93":{"start":{"line":197,"column":19},"end":{"line":197,"column":32}},"94":{"start":{"line":198,"column":8},"end":{"line":206,"column":10}},"95":{"start":{"line":47,"column":0},"end":{"line":47,"column":13}},"96":{"start":{"line":224,"column":0},"end":{"line":224,"column":26}},"97":{"start":{"line":227,"column":0},"end":{"line":227,"column":17}}},"fnMap":{"0":{"name":"(anonymous_17)","decl":{"start":{"line":18,"column":19},"end":{"line":18,"column":20}},"loc":{"start":{"line":18,"column":51},"end":{"line":41,"column":1}}},"1":{"name":"(anonymous_18)","decl":{"start":{"line":43,"column":17},"end":{"line":43,"column":20}},"loc":{"start":{"line":43,"column":22},"end":{"line":45,"column":1}}},"2":{"name":"(anonymous_19)","decl":{"start":{"line":51,"column":2},"end":{"line":51,"column":null}},"loc":{"start":{"line":51,"column":2},"end":{"line":53,"column":3}}},"3":{"name":"(anonymous_20)","decl":{"start":{"line":211,"column":24},"end":{"line":211,"column":25}},"loc":{"start":{"line":211,"column":41},"end":{"line":220,"column":3}}},"4":{"name":"(anonymous_21)","decl":{"start":{"line":55,"column":16},"end":{"line":55,"column":20}},"loc":{"start":{"line":55,"column":20},"end":{"line":64,"column":null}}},"5":{"name":"(anonymous_23)","decl":{"start":{"line":66,"column":16},"end":{"line":66,"column":24}},"loc":{"start":{"line":66,"column":24},"end":{"line":80,"column":null}}},"6":{"name":"(anonymous_25)","decl":{"start":{"line":76,"column":26},"end":{"line":76,"column":27}},"loc":{"start":{"line":76,"column":35},"end":{"line":76,"column":56}}},"7":{"name":"(anonymous_26)","decl":{"start":{"line":82,"column":10},"end":{"line":82,"column":27}},"loc":{"start":{"line":82,"column":27},"end":{"line":131,"column":3}}},"8":{"name":"(anonymous_27)","decl":{"start":{"line":91,"column":16},"end":{"line":91,"column":17}},"loc":{"start":{"line":91,"column":48},"end":{"line":98,"column":7}}},"9":{"name":"(anonymous_28)","decl":{"start":{"line":103,"column":18},"end":{"line":103,"column":19}},"loc":{"start":{"line":103,"column":50},"end":{"line":127,"column":9}}},"10":{"name":"(anonymous_29)","decl":{"start":{"line":133,"column":10},"end":{"line":133,"column":30}},"loc":{"start":{"line":133,"column":65},"end":{"line":150,"column":3}}},"11":{"name":"(anonymous_30)","decl":{"start":{"line":152,"column":10},"end":{"line":152,"column":25}},"loc":{"start":{"line":152,"column":43},"end":{"line":155,"column":3}}},"12":{"name":"(anonymous_31)","decl":{"start":{"line":157,"column":10},"end":{"line":157,"column":25}},"loc":{"start":{"line":157,"column":43},"end":{"line":161,"column":3}}},"13":{"name":"(anonymous_32)","decl":{"start":{"line":163,"column":10},"end":{"line":163,"column":26}},"loc":{"start":{"line":163,"column":44},"end":{"line":167,"column":3}}},"14":{"name":"(anonymous_33)","decl":{"start":{"line":169,"column":10},"end":{"line":169,"column":24}},"loc":{"start":{"line":169,"column":42},"end":{"line":173,"column":3}}},"15":{"name":"(anonymous_34)","decl":{"start":{"line":175,"column":10},"end":{"line":175,"column":21}},"loc":{"start":{"line":175,"column":34},"end":{"line":209,"column":3}}},"16":{"name":"(anonymous_35)","decl":{"start":{"line":182,"column":49},"end":{"line":182,"column":50}},"loc":{"start":{"line":182,"column":56},"end":{"line":182,"column":69}}},"17":{"name":"(anonymous_36)","decl":{"start":{"line":190,"column":26},"end":{"line":190,"column":27}},"loc":{"start":{"line":190,"column":43},"end":{"line":208,"column":5}}}},"branchMap":{"0":{"loc":{"start":{"line":213,"column":4},"end":{"line":219,"column":5}},"type":"if","locations":[{"start":{"line":213,"column":4},"end":{"line":219,"column":5}}]},"1":{"loc":{"start":{"line":62,"column":23},"end":{"line":62,"column":80}},"type":"cond-expr","locations":[{"start":{"line":62,"column":48},"end":{"line":62,"column":53}},{"start":{"line":62,"column":56},"end":{"line":62,"column":80}}]},"2":{"loc":{"start":{"line":70,"column":44},"end":{"line":70,"column":96}},"type":"binary-expr","locations":[{"start":{"line":70,"column":44},"end":{"line":70,"column":67}},{"start":{"line":70,"column":71},"end":{"line":70,"column":96}}]},"3":{"loc":{"start":{"line":83,"column":4},"end":{"line":86,"column":5}},"type":"if","locations":[{"start":{"line":83,"column":4},"end":{"line":86,"column":5}}]},"4":{"loc":{"start":{"line":92,"column":8},"end":{"line":95,"column":9}},"type":"if","locations":[{"start":{"line":92,"column":8},"end":{"line":95,"column":9}}]},"5":{"loc":{"start":{"line":104,"column":10},"end":{"line":107,"column":11}},"type":"if","locations":[{"start":{"line":104,"column":10},"end":{"line":107,"column":11}}]},"6":{"loc":{"start":{"line":118,"column":12},"end":{"line":121,"column":13}},"type":"if","locations":[{"start":{"line":118,"column":12},"end":{"line":121,"column":13}}]},"7":{"loc":{"start":{"line":118,"column":16},"end":{"line":118,"column":38}},"type":"binary-expr","locations":[{"start":{"line":118,"column":16},"end":{"line":118,"column":24}},{"start":{"line":118,"column":28},"end":{"line":118,"column":38}}]},"8":{"loc":{"start":{"line":134,"column":4},"end":{"line":149,"column":5}},"type":"switch","locations":[{"start":{"line":135,"column":6},"end":{"line":137,"column":14}},{"start":{"line":138,"column":6},"end":{"line":140,"column":14}},{"start":{"line":141,"column":6},"end":{"line":143,"column":14}},{"start":{"line":144,"column":6},"end":{"line":146,"column":14}},{"start":{"line":147,"column":6},"end":{"line":148,"column":60}}]},"9":{"loc":{"start":{"line":176,"column":4},"end":{"line":179,"column":5}},"type":"if","locations":[{"start":{"line":176,"column":4},"end":{"line":179,"column":5}}]},"10":{"loc":{"start":{"line":184,"column":4},"end":{"line":187,"column":5}},"type":"if","locations":[{"start":{"line":184,"column":4},"end":{"line":187,"column":5}}]},"11":{"loc":{"start":{"line":196,"column":6},"end":{"line":207,"column":7}},"type":"if","locations":[{"start":{"line":196,"column":6},"end":{"line":207,"column":7}}]}},"s":{"0":1,"1":1,"2":1,"3":1,"4":1,"5":1,"6":1,"7":1,"8":1,"9":1,"10":0,"11":0,"12":0,"13":1,"14":0,"15":1,"16":1,"17":0,"18":0,"19":0,"20":0,"21":1,"22":1,"23":1,"24":0,"25":0,"26":0,"27":1,"28":1,"29":1,"30":1,"31":0,"32":0,"33":1,"34":1,"35":1,"36":1,"37":0,"38":0,"39":0,"40":0,"41":0,"42":0,"43":0,"44":0,"45":0,"46":0,"47":0,"48":0,"49":0,"50":0,"51":0,"52":0,"53":0,"54":0,"55":0,"56":0,"57":0,"58":0,"59":0,"60":0,"61":0,"62":0,"63":0,"64":0,"65":0,"66":0,"67":0,"68":0,"69":0,"70":0,"71":0,"72":0,"73":0,"74":0,"75":0,"76":0,"77":0,"78":0,"79":0,"80":0,"81":0,"82":0,"83":0,"84":0,"85":0,"86":0,"87":0,"88":0,"89":0,"90":0,"91":0,"92":0,"93":0,"94":0,"95":1,"96":1,"97":1},"f":{"0":0,"1":0,"2":1,"3":0,"4":1,"5":1,"6":1,"7":0,"8":0,"9":0,"10":0,"11":0,"12":0,"13":0,"14":0,"15":0,"16":0,"17":0},"b":{"0":[0],"1":[0,0],"2":[1,0],"3":[0],"4":[0],"5":[0],"6":[0],"7":[0,0],"8":[0,0,0,0,0],"9":[0],"10":[0],"11":[0]}}
,"/Users/thechrisoneil/software/event-driven-microservices/healthcare-app-v3/healthcare-app-v3/services/aof-service/tests/utils/loadMockData.ts": {"path":"/Users/thechrisoneil/software/event-driven-microservices/healthcare-app-v3/healthcare-app-v3/services/aof-service/tests/utils/loadMockData.ts","statementMap":{"0":{"start":{"line":1,"column":0},"end":{"line":1,"column":20}},"1":{"start":{"line":2,"column":0},"end":{"line":2,"column":24}},"2":{"start":{"line":5,"column":43},"end":{"line":9,"column":1}},"3":{"start":{"line":6,"column":19},"end":{"line":6,"column":79}},"4":{"start":{"line":7,"column":22},"end":{"line":7,"column":56}},"5":{"start":{"line":8,"column":2},"end":{"line":8,"column":57}},"6":{"start":{"line":5,"column":13},"end":{"line":5,"column":43}}},"fnMap":{"0":{"name":"(anonymous_1)","decl":{"start":{"line":5,"column":43},"end":{"line":5,"column":68}},"loc":{"start":{"line":5,"column":70},"end":{"line":9,"column":1}}}},"branchMap":{},"s":{"0":1,"1":1,"2":1,"3":1,"4":1,"5":1,"6":1},"f":{"0":1},"b":{}}
}
