TN:
SF:src/aof-service.ts
FN:18,(anonymous_17)
FN:43,(anonymous_18)
FN:51,(anonymous_19)
FN:211,(anonymous_20)
FN:55,(anonymous_21)
FN:66,(anonymous_23)
FN:76,(anonymous_25)
FN:82,(anonymous_26)
FN:91,(anonymous_27)
FN:103,(anonymous_28)
FN:133,(anonymous_29)
FN:152,(anonymous_30)
FN:157,(anonymous_31)
FN:163,(anonymous_32)
FN:169,(anonymous_33)
FN:175,(anonymous_34)
FN:182,(anonymous_35)
FN:190,(anonymous_36)
FNF:18
FNH:4
FNDA:0,(anonymous_17)
FNDA:0,(anonymous_18)
FNDA:1,(anonymous_19)
FNDA:0,(anonymous_20)
FNDA:1,(anonymous_21)
FNDA:1,(anonymous_23)
FNDA:1,(anonymous_25)
FNDA:0,(anonymous_26)
FNDA:0,(anonymous_27)
FNDA:0,(anonymous_28)
FNDA:0,(anonymous_29)
FNDA:0,(anonymous_30)
FNDA:0,(anonymous_31)
FNDA:0,(anonymous_32)
FNDA:0,(anonymous_33)
FNDA:0,(anonymous_34)
FNDA:0,(anonymous_35)
FNDA:0,(anonymous_36)
DA:1,1
DA:2,1
DA:3,1
DA:4,1
DA:5,1
DA:8,1
DA:10,1
DA:15,1
DA:16,1
DA:18,1
DA:19,0
DA:20,0
DA:22,0
DA:43,1
DA:44,0
DA:47,1
DA:49,1
DA:52,1
DA:56,1
DA:57,1
DA:58,0
DA:60,0
DA:62,0
DA:67,1
DA:68,1
DA:69,1
DA:70,1
DA:71,0
DA:72,0
DA:74,1
DA:75,1
DA:76,1
DA:79,0
DA:83,0
DA:84,0
DA:85,0
DA:88,0
DA:90,0
DA:92,0
DA:93,0
DA:94,0
DA:96,0
DA:97,0
DA:101,0
DA:104,0
DA:105,0
DA:106,0
DA:109,0
DA:111,0
DA:112,0
DA:115,0
DA:116,0
DA:118,0
DA:119,0
DA:120,0
DA:123,0
DA:125,0
DA:130,0
DA:134,0
DA:136,0
DA:137,0
DA:139,0
DA:140,0
DA:142,0
DA:143,0
DA:145,0
DA:146,0
DA:148,0
DA:153,0
DA:154,0
DA:158,0
DA:159,0
DA:164,0
DA:165,0
DA:170,0
DA:171,0
DA:176,0
DA:177,0
DA:178,0
DA:182,0
DA:184,0
DA:185,0
DA:186,0
DA:190,0
DA:191,0
DA:193,0
DA:196,0
DA:197,0
DA:198,0
DA:211,1
DA:212,0
DA:213,0
DA:214,0
DA:215,0
DA:224,1
DA:227,1
LF:96
LH:26
BRDA:213,0,0,0
BRDA:62,1,0,0
BRDA:62,1,1,0
BRDA:70,2,0,1
BRDA:70,2,1,0
BRDA:83,3,0,0
BRDA:92,4,0,0
BRDA:104,5,0,0
BRDA:118,6,0,0
BRDA:118,7,0,0
BRDA:118,7,1,0
BRDA:134,8,0,0
BRDA:134,8,1,0
BRDA:134,8,2,0
BRDA:134,8,3,0
BRDA:134,8,4,0
BRDA:176,9,0,0
BRDA:184,10,0,0
BRDA:196,11,0,0
BRF:19
BRH:1
end_of_record
TN:
SF:tests/utils/loadMockData.ts
FN:5,(anonymous_1)
FNF:1
FNH:1
FNDA:1,(anonymous_1)
DA:1,1
DA:2,1
DA:5,1
DA:6,1
DA:7,1
DA:8,1
LF:6
LH:6
BRF:0
BRH:0
end_of_record
